
> myexpressapp@0.0.0 start
> node ./bin/www

[0mGET / [36m304 [0m266.427 ms - -[0m
[0mGET /stylesheets/style.css [36m304 [0m1.710 ms - -[0m
[0mGET / [32m200 [0m16.539 ms - 189[0m
[0mGET / [32m200 [0m10.810 ms - 189[0m
[0mGET /stylesheets/style.css [36m304 [0m0.686 ms - -[0m
[0mGET / [36m304 [0m9.141 ms - -[0m
[0mGET /stylesheets/style.css [36m304 [0m0.527 ms - -[0m
[0mGET / [36m304 [0m12.024 ms - -[0m
[0mGET /stylesheets/style.css [36m304 [0m0.755 ms - -[0m
[0mGET / [36m304 [0m12.642 ms - -[0m
[0mGET /stylesheets/style.css [36m304 [0m0.495 ms - -[0m
[0mGET / [36m304 [0m6.410 ms - -[0m
[0mGET /stylesheets/style.css [36m304 [0m0.597 ms - -[0m
[0mGET /users [32m200 [0m1.151 ms - 23[0m
[0mGET / [36m304 [0m8.169 ms - -[0m
[0mGET /stylesheets/style.css [36m304 [0m0.602 ms - -[0m

> myexpressapp@0.0.0 start
> node ./bin/www

Port 8080 is already in use

> myexpressapp@0.0.0 start
> node ./bin/www

Port 8080 is already in use
[0mGET / [32m200 [0m10.295 ms - 206[0m
[0mGET /stylesheets/style.css [36m304 [0m0.638 ms - -[0m
